-------------------------------------------------------------------------------
Test set: com.stackroute.main.FavouriteserviceApplicationTests
-------------------------------------------------------------------------------
Tests run: 1, Failures: 0, Errors: 1, Skipped: 0, Time elapsed: 4.133 s <<< FAILURE! - in com.stackroute.main.FavouriteserviceApplicationTests
contextLoads  Time elapsed: 0.016 s  <<< ERROR!
java.lang.IllegalStateException: Failed to load ApplicationContext
Caused by: org.springframework.beans.factory.UnsatisfiedDependencyException: Error creating bean with name 'foodController': Unsatisfied dependency expressed through field 'foodservice'; nested exception is org.springframework.beans.factory.UnsatisfiedDependencyException: Error creating bean with name 'foodServiceImpl': Unsatisfied dependency expressed through field 'foodrepository'; nested exception is org.springframework.beans.factory.BeanCreationException: Error creating bean with name 'foodRepository' defined in com.stackroute.main.repository.FoodRepository defined in @EnableJpaRepositories declared on JpaRepositoriesRegistrar.EnableJpaRepositoriesConfiguration: Invocation of init method failed; nested exception is org.springframework.data.repository.query.QueryCreationException: Could not create query for public abstract com.stackroute.main.model.Food com.stackroute.main.repository.FoodRepository.getFoodByFname(java.lang.String); Reason: Failed to create query for method public abstract com.stackroute.main.model.Food com.stackroute.main.repository.FoodRepository.getFoodByFname(java.lang.String)! No property 'fname' found for type 'Food'; nested exception is java.lang.IllegalArgumentException: Failed to create query for method public abstract com.stackroute.main.model.Food com.stackroute.main.repository.FoodRepository.getFoodByFname(java.lang.String)! No property 'fname' found for type 'Food'
Caused by: org.springframework.beans.factory.UnsatisfiedDependencyException: Error creating bean with name 'foodServiceImpl': Unsatisfied dependency expressed through field 'foodrepository'; nested exception is org.springframework.beans.factory.BeanCreationException: Error creating bean with name 'foodRepository' defined in com.stackroute.main.repository.FoodRepository defined in @EnableJpaRepositories declared on JpaRepositoriesRegistrar.EnableJpaRepositoriesConfiguration: Invocation of init method failed; nested exception is org.springframework.data.repository.query.QueryCreationException: Could not create query for public abstract com.stackroute.main.model.Food com.stackroute.main.repository.FoodRepository.getFoodByFname(java.lang.String); Reason: Failed to create query for method public abstract com.stackroute.main.model.Food com.stackroute.main.repository.FoodRepository.getFoodByFname(java.lang.String)! No property 'fname' found for type 'Food'; nested exception is java.lang.IllegalArgumentException: Failed to create query for method public abstract com.stackroute.main.model.Food com.stackroute.main.repository.FoodRepository.getFoodByFname(java.lang.String)! No property 'fname' found for type 'Food'
Caused by: org.springframework.beans.factory.BeanCreationException: Error creating bean with name 'foodRepository' defined in com.stackroute.main.repository.FoodRepository defined in @EnableJpaRepositories declared on JpaRepositoriesRegistrar.EnableJpaRepositoriesConfiguration: Invocation of init method failed; nested exception is org.springframework.data.repository.query.QueryCreationException: Could not create query for public abstract com.stackroute.main.model.Food com.stackroute.main.repository.FoodRepository.getFoodByFname(java.lang.String); Reason: Failed to create query for method public abstract com.stackroute.main.model.Food com.stackroute.main.repository.FoodRepository.getFoodByFname(java.lang.String)! No property 'fname' found for type 'Food'; nested exception is java.lang.IllegalArgumentException: Failed to create query for method public abstract com.stackroute.main.model.Food com.stackroute.main.repository.FoodRepository.getFoodByFname(java.lang.String)! No property 'fname' found for type 'Food'
Caused by: org.springframework.data.repository.query.QueryCreationException: Could not create query for public abstract com.stackroute.main.model.Food com.stackroute.main.repository.FoodRepository.getFoodByFname(java.lang.String); Reason: Failed to create query for method public abstract com.stackroute.main.model.Food com.stackroute.main.repository.FoodRepository.getFoodByFname(java.lang.String)! No property 'fname' found for type 'Food'; nested exception is java.lang.IllegalArgumentException: Failed to create query for method public abstract com.stackroute.main.model.Food com.stackroute.main.repository.FoodRepository.getFoodByFname(java.lang.String)! No property 'fname' found for type 'Food'
Caused by: java.lang.IllegalArgumentException: Failed to create query for method public abstract com.stackroute.main.model.Food com.stackroute.main.repository.FoodRepository.getFoodByFname(java.lang.String)! No property 'fname' found for type 'Food'
Caused by: org.springframework.data.mapping.PropertyReferenceException: No property 'fname' found for type 'Food'

